<?xml version="1.0" encoding="UTF-8"?>
<testsuite xmlns:xsi="http://www.w3.org/2001/XMLSchema-instance" xsi:noNamespaceSchemaLocation="https://maven.apache.org/surefire/maven-surefire-plugin/xsd/surefire-test-report.xsd" name="cn.nascent.AppTest" time="0.033" tests="1" errors="0" skipped="0" failures="0">
  <properties>
    <property name="sun.desktop" value="gnome"/>
    <property name="awt.toolkit" value="sun.awt.X11.XToolkit"/>
    <property name="file.encoding.pkg" value="sun.io"/>
    <property name="java.specification.version" value="1.8"/>
    <property name="sun.cpu.isalist" value=""/>
    <property name="sun.jnu.encoding" value="UTF-8"/>
    <property name="java.class.path" value="/home/wei/WorkSpace/IntelliJ_IDEA/LogSystemHelper/target/test-classes:/home/wei/WorkSpace/IntelliJ_IDEA/LogSystemHelper/target/classes:/home/wei/apps/maven/apache-maven-3.5.4/mavenRepository/junit/junit/4.11/junit-4.11.jar:/home/wei/apps/maven/apache-maven-3.5.4/mavenRepository/org/hamcrest/hamcrest-core/1.3/hamcrest-core-1.3.jar:/home/wei/apps/maven/apache-maven-3.5.4/mavenRepository/org/apache/kafka/kafka_2.12/2.1.0/kafka_2.12-2.1.0.jar:/home/wei/apps/maven/apache-maven-3.5.4/mavenRepository/org/apache/kafka/kafka-clients/2.1.0/kafka-clients-2.1.0.jar:/home/wei/apps/maven/apache-maven-3.5.4/mavenRepository/com/github/luben/zstd-jni/1.3.5-4/zstd-jni-1.3.5-4.jar:/home/wei/apps/maven/apache-maven-3.5.4/mavenRepository/org/lz4/lz4-java/1.5.0/lz4-java-1.5.0.jar:/home/wei/apps/maven/apache-maven-3.5.4/mavenRepository/org/xerial/snappy/snappy-java/1.1.7.2/snappy-java-1.1.7.2.jar:/home/wei/apps/maven/apache-maven-3.5.4/mavenRepository/com/fasterxml/jackson/core/jackson-databind/2.9.7/jackson-databind-2.9.7.jar:/home/wei/apps/maven/apache-maven-3.5.4/mavenRepository/com/fasterxml/jackson/core/jackson-annotations/2.9.0/jackson-annotations-2.9.0.jar:/home/wei/apps/maven/apache-maven-3.5.4/mavenRepository/com/fasterxml/jackson/core/jackson-core/2.9.7/jackson-core-2.9.7.jar:/home/wei/apps/maven/apache-maven-3.5.4/mavenRepository/net/sf/jopt-simple/jopt-simple/5.0.4/jopt-simple-5.0.4.jar:/home/wei/apps/maven/apache-maven-3.5.4/mavenRepository/com/yammer/metrics/metrics-core/2.2.0/metrics-core-2.2.0.jar:/home/wei/apps/maven/apache-maven-3.5.4/mavenRepository/org/scala-lang/scala-library/2.12.7/scala-library-2.12.7.jar:/home/wei/apps/maven/apache-maven-3.5.4/mavenRepository/org/scala-lang/scala-reflect/2.12.7/scala-reflect-2.12.7.jar:/home/wei/apps/maven/apache-maven-3.5.4/mavenRepository/com/typesafe/scala-logging/scala-logging_2.12/3.9.0/scala-logging_2.12-3.9.0.jar:/home/wei/apps/maven/apache-maven-3.5.4/mavenRepository/org/slf4j/slf4j-api/1.7.25/slf4j-api-1.7.25.jar:/home/wei/apps/maven/apache-maven-3.5.4/mavenRepository/com/101tec/zkclient/0.10/zkclient-0.10.jar:/home/wei/apps/maven/apache-maven-3.5.4/mavenRepository/org/apache/zookeeper/zookeeper/3.4.13/zookeeper-3.4.13.jar:/home/wei/apps/maven/apache-maven-3.5.4/mavenRepository/org/apache/yetus/audience-annotations/0.5.0/audience-annotations-0.5.0.jar:/home/wei/apps/maven/apache-maven-3.5.4/mavenRepository/org/apache/kafka/kafka-log4j-appender/2.1.0/kafka-log4j-appender-2.1.0.jar:/home/wei/apps/maven/apache-maven-3.5.4/mavenRepository/org/slf4j/slf4j-log4j12/1.7.25/slf4j-log4j12-1.7.25.jar:/home/wei/apps/maven/apache-maven-3.5.4/mavenRepository/log4j/log4j/1.2.17/log4j-1.2.17.jar:"/>
    <property name="java.vm.vendor" value="Oracle Corporation"/>
    <property name="sun.arch.data.model" value="64"/>
    <property name="java.vendor.url" value="http://java.oracle.com/"/>
    <property name="user.timezone" value=""/>
    <property name="java.vm.specification.version" value="1.8"/>
    <property name="os.name" value="Linux"/>
    <property name="user.country" value="US"/>
    <property name="sun.java.launcher" value="SUN_STANDARD"/>
    <property name="sun.boot.library.path" value="/usr/local/WorkEnvWang/javaEnv/jdk1.8.0_152/jre/lib/amd64"/>
    <property name="sun.java.command" value="/home/wei/WorkSpace/IntelliJ_IDEA/LogSystemHelper/target/surefire/surefirebooter2057716568236427608.jar /home/wei/WorkSpace/IntelliJ_IDEA/LogSystemHelper/target/surefire 2018-12-17T13-50-51_912-jvmRun1 surefire3773080348732609664tmp surefire_0447101996370622096tmp"/>
    <property name="surefire.test.class.path" value="/home/wei/WorkSpace/IntelliJ_IDEA/LogSystemHelper/target/test-classes:/home/wei/WorkSpace/IntelliJ_IDEA/LogSystemHelper/target/classes:/home/wei/apps/maven/apache-maven-3.5.4/mavenRepository/junit/junit/4.11/junit-4.11.jar:/home/wei/apps/maven/apache-maven-3.5.4/mavenRepository/org/hamcrest/hamcrest-core/1.3/hamcrest-core-1.3.jar:/home/wei/apps/maven/apache-maven-3.5.4/mavenRepository/org/apache/kafka/kafka_2.12/2.1.0/kafka_2.12-2.1.0.jar:/home/wei/apps/maven/apache-maven-3.5.4/mavenRepository/org/apache/kafka/kafka-clients/2.1.0/kafka-clients-2.1.0.jar:/home/wei/apps/maven/apache-maven-3.5.4/mavenRepository/com/github/luben/zstd-jni/1.3.5-4/zstd-jni-1.3.5-4.jar:/home/wei/apps/maven/apache-maven-3.5.4/mavenRepository/org/lz4/lz4-java/1.5.0/lz4-java-1.5.0.jar:/home/wei/apps/maven/apache-maven-3.5.4/mavenRepository/org/xerial/snappy/snappy-java/1.1.7.2/snappy-java-1.1.7.2.jar:/home/wei/apps/maven/apache-maven-3.5.4/mavenRepository/com/fasterxml/jackson/core/jackson-databind/2.9.7/jackson-databind-2.9.7.jar:/home/wei/apps/maven/apache-maven-3.5.4/mavenRepository/com/fasterxml/jackson/core/jackson-annotations/2.9.0/jackson-annotations-2.9.0.jar:/home/wei/apps/maven/apache-maven-3.5.4/mavenRepository/com/fasterxml/jackson/core/jackson-core/2.9.7/jackson-core-2.9.7.jar:/home/wei/apps/maven/apache-maven-3.5.4/mavenRepository/net/sf/jopt-simple/jopt-simple/5.0.4/jopt-simple-5.0.4.jar:/home/wei/apps/maven/apache-maven-3.5.4/mavenRepository/com/yammer/metrics/metrics-core/2.2.0/metrics-core-2.2.0.jar:/home/wei/apps/maven/apache-maven-3.5.4/mavenRepository/org/scala-lang/scala-library/2.12.7/scala-library-2.12.7.jar:/home/wei/apps/maven/apache-maven-3.5.4/mavenRepository/org/scala-lang/scala-reflect/2.12.7/scala-reflect-2.12.7.jar:/home/wei/apps/maven/apache-maven-3.5.4/mavenRepository/com/typesafe/scala-logging/scala-logging_2.12/3.9.0/scala-logging_2.12-3.9.0.jar:/home/wei/apps/maven/apache-maven-3.5.4/mavenRepository/org/slf4j/slf4j-api/1.7.25/slf4j-api-1.7.25.jar:/home/wei/apps/maven/apache-maven-3.5.4/mavenRepository/com/101tec/zkclient/0.10/zkclient-0.10.jar:/home/wei/apps/maven/apache-maven-3.5.4/mavenRepository/org/apache/zookeeper/zookeeper/3.4.13/zookeeper-3.4.13.jar:/home/wei/apps/maven/apache-maven-3.5.4/mavenRepository/org/apache/yetus/audience-annotations/0.5.0/audience-annotations-0.5.0.jar:/home/wei/apps/maven/apache-maven-3.5.4/mavenRepository/org/apache/kafka/kafka-log4j-appender/2.1.0/kafka-log4j-appender-2.1.0.jar:/home/wei/apps/maven/apache-maven-3.5.4/mavenRepository/org/slf4j/slf4j-log4j12/1.7.25/slf4j-log4j12-1.7.25.jar:/home/wei/apps/maven/apache-maven-3.5.4/mavenRepository/log4j/log4j/1.2.17/log4j-1.2.17.jar:"/>
    <property name="sun.cpu.endian" value="little"/>
    <property name="user.home" value="/home/wei"/>
    <property name="user.language" value="en"/>
    <property name="java.specification.vendor" value="Oracle Corporation"/>
    <property name="java.home" value="/usr/local/WorkEnvWang/javaEnv/jdk1.8.0_152/jre"/>
    <property name="basedir" value="/home/wei/WorkSpace/IntelliJ_IDEA/LogSystemHelper"/>
    <property name="file.separator" value="/"/>
    <property name="line.separator" value="&#10;"/>
    <property name="java.vm.specification.vendor" value="Oracle Corporation"/>
    <property name="java.specification.name" value="Java Platform API Specification"/>
    <property name="java.awt.graphicsenv" value="sun.awt.X11GraphicsEnvironment"/>
    <property name="surefire.real.class.path" value="/home/wei/WorkSpace/IntelliJ_IDEA/LogSystemHelper/target/surefire/surefirebooter2057716568236427608.jar"/>
    <property name="sun.boot.class.path" value="/usr/local/WorkEnvWang/javaEnv/jdk1.8.0_152/jre/lib/resources.jar:/usr/local/WorkEnvWang/javaEnv/jdk1.8.0_152/jre/lib/rt.jar:/usr/local/WorkEnvWang/javaEnv/jdk1.8.0_152/jre/lib/sunrsasign.jar:/usr/local/WorkEnvWang/javaEnv/jdk1.8.0_152/jre/lib/jsse.jar:/usr/local/WorkEnvWang/javaEnv/jdk1.8.0_152/jre/lib/jce.jar:/usr/local/WorkEnvWang/javaEnv/jdk1.8.0_152/jre/lib/charsets.jar:/usr/local/WorkEnvWang/javaEnv/jdk1.8.0_152/jre/lib/jfr.jar:/usr/local/WorkEnvWang/javaEnv/jdk1.8.0_152/jre/classes"/>
    <property name="sun.management.compiler" value="HotSpot 64-Bit Tiered Compilers"/>
    <property name="java.runtime.version" value="1.8.0_152-b16"/>
    <property name="user.name" value="wei"/>
    <property name="path.separator" value=":"/>
    <property name="os.version" value="4.15.0-42-generic"/>
    <property name="java.endorsed.dirs" value="/usr/local/WorkEnvWang/javaEnv/jdk1.8.0_152/jre/lib/endorsed"/>
    <property name="java.runtime.name" value="Java(TM) SE Runtime Environment"/>
    <property name="file.encoding" value="UTF-8"/>
    <property name="java.vm.name" value="Java HotSpot(TM) 64-Bit Server VM"/>
    <property name="localRepository" value="/home/wei/apps/maven/apache-maven-3.5.4/mavenRepository"/>
    <property name="java.vendor.url.bug" value="http://bugreport.sun.com/bugreport/"/>
    <property name="java.io.tmpdir" value="/tmp"/>
    <property name="java.version" value="1.8.0_152"/>
    <property name="user.dir" value="/home/wei/WorkSpace/IntelliJ_IDEA/LogSystemHelper"/>
    <property name="os.arch" value="amd64"/>
    <property name="java.vm.specification.name" value="Java Virtual Machine Specification"/>
    <property name="java.awt.printerjob" value="sun.print.PSPrinterJob"/>
    <property name="sun.os.patch.level" value="unknown"/>
    <property name="java.library.path" value="/usr/java/packages/lib/amd64:/usr/lib64:/lib64:/lib:/usr/lib"/>
    <property name="java.vm.info" value="mixed mode"/>
    <property name="java.vendor" value="Oracle Corporation"/>
    <property name="java.vm.version" value="25.152-b16"/>
    <property name="java.ext.dirs" value="/usr/local/WorkEnvWang/javaEnv/jdk1.8.0_152/jre/lib/ext:/usr/java/packages/lib/ext"/>
    <property name="sun.io.unicode.encoding" value="UnicodeLittle"/>
    <property name="java.class.version" value="52.0"/>
  </properties>
  <testcase name="shouldAnswerWithTrue" classname="cn.nascent.AppTest" time="0.002"/>
</testsuite>